# JRE version: Java(TM) SE Runtime Environment 18.9 (11.0.14+8) (build 11.0.14+8-LTS-263)
# Java VM: Java HotSpot(TM) 64-Bit Server VM 18.9 (11.0.14+8-LTS-263, mixed mode, tiered, compressed oops, g1 gc, windows-amd64)
Heap:
 garbage-first heap   total 229376K, used 119978K [0x0000000720e00000, 0x0000000800000000)
  region size 1024K, 112 young (114688K), 8 survivors (8192K)
 Metaspace       used 48566K, capacity 50050K, committed 50128K, reserved 1093632K
  class space    used 5885K, capacity 6490K, committed 6528K, reserved 1048576K
GC Heap History (8 events):
Event: 0.444 GC heap before
{Heap before GC invocations=0 (full 0):
 garbage-first heap   total 229376K, used 23552K [0x0000000720e00000, 0x0000000800000000)
  region size 1024K, 24 young (24576K), 0 survivors (0K)
 Metaspace       used 10391K, capacity 10526K, committed 10752K, reserved 1058816K
  class space    used 974K, capacity 1022K, committed 1024K, reserved 1048576K
}
Event: 0.447 GC heap after
{Heap after GC invocations=1 (full 0):
 garbage-first heap   total 229376K, used 6770K [0x0000000720e00000, 0x0000000800000000)
  region size 1024K, 3 young (3072K), 3 survivors (3072K)
 Metaspace       used 10391K, capacity 10526K, committed 10752K, reserved 1058816K
  class space    used 974K, capacity 1022K, committed 1024K, reserved 1048576K
}
Event: 0.994 GC heap before
{Heap before GC invocations=1 (full 0):
 garbage-first heap   total 229376K, used 71282K [0x0000000720e00000, 0x0000000800000000)
  region size 1024K, 67 young (68608K), 3 survivors (3072K)
 Metaspace       used 20739K, capacity 21186K, committed 21296K, reserved 1069056K
  class space    used 2232K, capacity 2423K, committed 2432K, reserved 1048576K
}
Event: 0.999 GC heap after
{Heap after GC invocations=2 (full 0):
 garbage-first heap   total 229376K, used 9088K [0x0000000720e00000, 0x0000000800000000)
  region size 1024K, 6 young (6144K), 6 survivors (6144K)
 Metaspace       used 20739K, capacity 21186K, committed 21296K, reserved 1069056K
  class space    used 2232K, capacity 2423K, committed 2432K, reserved 1048576K
}
Event: 1.443 GC heap before
{Heap before GC invocations=3 (full 0):
 garbage-first heap   total 229376K, used 74624K [0x0000000720e00000, 0x0000000800000000)
  region size 1024K, 71 young (72704K), 6 survivors (6144K)
 Metaspace       used 26350K, capacity 26979K, committed 27184K, reserved 1073152K
  class space    used 2906K, capacity 3170K, committed 3200K, reserved 1048576K
}
Event: 1.447 GC heap after
{Heap after GC invocations=4 (full 0):
 garbage-first heap   total 229376K, used 11389K [0x0000000720e00000, 0x0000000800000000)
  region size 1024K, 5 young (5120K), 5 survivors (5120K)
 Metaspace       used 26350K, capacity 26979K, committed 27184K, reserved 1073152K
  class space    used 2906K, capacity 3170K, committed 3200K, reserved 1048576K
}
Event: 2.248 GC heap before
{Heap before GC invocations=4 (full 0):
 garbage-first heap   total 229376K, used 96381K [0x0000000720e00000, 0x0000000800000000)
  region size 1024K, 89 young (91136K), 5 survivors (5120K)
 Metaspace       used 34879K, capacity 35863K, committed 35920K, reserved 1081344K
  class space    used 4138K, capacity 4574K, committed 4608K, reserved 1048576K
}
Event: 2.254 GC heap after
{Heap after GC invocations=5 (full 0):
 garbage-first heap   total 229376K, used 14506K [0x0000000720e00000, 0x0000000800000000)
  region size 1024K, 8 young (8192K), 8 survivors (8192K)
 Metaspace       used 34879K, capacity 35863K, committed 35920K, reserved 1081344K
  class space    used 4138K, capacity 4574K, committed 4608K, reserved 1048576K
}

